<?xml version="1.0" encoding="UTF-8"?>
<testng-results ignored="0" total="1" passed="1" failed="0" skipped="0">
  <reporter-output>
  </reporter-output>
  <suite started-at="2021-07-10T13:57:44Z" name="Default suite" finished-at="2021-07-10T13:59:31Z" duration-ms="106509">
    <groups>
    </groups>
    <test started-at="2021-07-10T13:57:44Z" name="Default test" finished-at="2021-07-10T13:59:31Z" duration-ms="106509">
      <class name="objects.TestElements">
        <test-method is-config="true" signature="beforeSuite()[pri:0, instance:objects.TestElements@1b66c0fb]" started-at="2021-07-10T19:26:27Z" name="beforeSuite" finished-at="2021-07-10T19:27:44Z" duration-ms="77545" status="PASS">
          <reporter-output>
          </reporter-output>
        </test-method> <!-- beforeSuite -->
        <test-method signature="f()[pri:0, instance:objects.TestElements@1b66c0fb]" started-at="2021-07-10T19:27:45Z" name="f" finished-at="2021-07-10T19:29:31Z" duration-ms="105545" status="PASS">
          <reporter-output>
          </reporter-output>
        </test-method> <!-- f -->
      </class> <!-- objects.TestElements -->
    </test> <!-- Default test -->
  </suite> <!-- Default suite -->
</testng-results>
